<?xml version="1.0" encoding="UTF-8"?>
<testng-results ignored="0" total="1" passed="1" failed="0" skipped="0">
  <reporter-output>
  </reporter-output>
  <suite started-at="2021-12-02T15:39:42 GMT" name="Suite1" finished-at="2021-12-02T15:39:57 GMT" duration-ms="14752">
    <groups>
    </groups>
    <test started-at="2021-12-02T15:39:42 GMT" name="RemoteApp" finished-at="2021-12-02T15:39:57 GMT" duration-ms="14752">
      <class name="tests.Firstphase">
        <test-method is-config="true" signature="login()[pri:0, instance:tests.Firstphase@32eff876]" started-at="2021-12-02T15:39:27 GMT" name="login" finished-at="2021-12-02T15:39:42 GMT" duration-ms="14587" status="PASS">
          <reporter-output>
          </reporter-output>
        </test-method> <!-- login -->
        <test-method signature="Test15_AI0043()[pri:0, instance:tests.Firstphase@32eff876]" started-at="2021-12-02T15:39:42 GMT" name="Test15_AI0043" finished-at="2021-12-02T15:39:57 GMT" duration-ms="14687" status="PASS">
          <reporter-output>
          </reporter-output>
        </test-method> <!-- Test15_AI0043 -->
        <test-method is-config="true" signature="logout(org.testng.ITestResult)[pri:0, instance:tests.Firstphase@32eff876]" started-at="2021-12-02T15:39:57 GMT" name="logout" finished-at="2021-12-02T15:39:57 GMT" duration-ms="5" status="PASS">
          <params>
            <param index="0">
              <value>
                <![CDATA[[TestResult name=Test15_AI0043 status=SUCCESS method=Firstphase.Test15_AI0043()[pri:0, instance:tests.Firstphase@32eff876] output={null}]]]>
              </value>
            </param>
          </params>
          <reporter-output>
          </reporter-output>
        </test-method> <!-- logout -->
        <test-method is-config="true" signature="closeoff()[pri:0, instance:tests.Firstphase@32eff876]" started-at="2021-12-02T15:39:57 GMT" name="closeoff" finished-at="2021-12-02T15:40:08 GMT" duration-ms="11427" status="FAIL">
          <exception class="java.lang.ClassCastException">
            <message>
              <![CDATA[class org.openqa.selenium.remote.RemoteWebElement cannot be cast to class java.lang.String (org.openqa.selenium.remote.RemoteWebElement is in unnamed module of loader 'app'; java.lang.String is in module java.base of loader 'bootstrap')]]>
            </message>
            <full-stacktrace>
              <![CDATA[java.lang.ClassCastException: class org.openqa.selenium.remote.RemoteWebElement cannot be cast to class java.lang.String (org.openqa.selenium.remote.RemoteWebElement is in unnamed module of loader 'app'; java.lang.String is in module java.base of loader 'bootstrap')
at pages.ConnectionPage.TableContent(ConnectionPage.java:124)
at pages.ConnectionPage.DeleteConnection(ConnectionPage.java:194)
at tests.TestBase.closeoff(TestBase.java:455)
at java.base/jdk.internal.reflect.NativeMethodAccessorImpl.invoke0(Native Method)
at java.base/jdk.internal.reflect.NativeMethodAccessorImpl.invoke(NativeMethodAccessorImpl.java:77)
at java.base/jdk.internal.reflect.DelegatingMethodAccessorImpl.invoke(DelegatingMethodAccessorImpl.java:43)
at java.base/java.lang.reflect.Method.invoke(Method.java:568)
at org.testng.internal.MethodInvocationHelper.invokeMethod(MethodInvocationHelper.java:133)
at org.testng.internal.MethodInvocationHelper.invokeMethodConsideringTimeout(MethodInvocationHelper.java:62)
at org.testng.internal.ConfigInvoker.invokeConfigurationMethod(ConfigInvoker.java:385)
at org.testng.internal.ConfigInvoker.invokeConfigurations(ConfigInvoker.java:321)
at org.testng.SuiteRunner.privateRun(SuiteRunner.java:344)
at org.testng.SuiteRunner.run(SuiteRunner.java:276)
at org.testng.SuiteRunnerWorker.runSuite(SuiteRunnerWorker.java:53)
at org.testng.SuiteRunnerWorker.run(SuiteRunnerWorker.java:96)
at org.testng.TestNG.runSuitesSequentially(TestNG.java:1212)
at org.testng.TestNG.runSuitesLocally(TestNG.java:1134)
at org.testng.TestNG.runSuites(TestNG.java:1063)
at org.testng.TestNG.run(TestNG.java:1031)
at org.apache.maven.surefire.testng.TestNGExecutor.run(TestNGExecutor.java:283)
at org.apache.maven.surefire.testng.TestNGXmlTestSuite.execute(TestNGXmlTestSuite.java:75)
at org.apache.maven.surefire.testng.TestNGProvider.invoke(TestNGProvider.java:120)
at org.apache.maven.surefire.booter.ForkedBooter.runSuitesInProcess(ForkedBooter.java:377)
at org.apache.maven.surefire.booter.ForkedBooter.execute(ForkedBooter.java:138)
at org.apache.maven.surefire.booter.ForkedBooter.run(ForkedBooter.java:465)
at org.apache.maven.surefire.booter.ForkedBooter.main(ForkedBooter.java:451)
]]>
            </full-stacktrace>
          </exception> <!-- java.lang.ClassCastException -->
          <reporter-output>
          </reporter-output>
        </test-method> <!-- closeoff -->
      </class> <!-- tests.Firstphase -->
    </test> <!-- RemoteApp -->
  </suite> <!-- Suite1 -->
</testng-results>
