<?xml version="1.0" encoding="UTF-8"?>
<testng-results ignored="0" total="1" passed="1" failed="0" skipped="0">
  <reporter-output>
  </reporter-output>
  <suite started-at="2021-11-26T10:27:03 GMT" name="Default suite" finished-at="2021-11-26T10:30:41 GMT" duration-ms="218290">
    <groups>
    </groups>
    <test started-at="2021-11-26T10:27:03 GMT" name="Default test" finished-at="2021-11-26T10:30:41 GMT" duration-ms="218290">
      <class name="tests.Firstphase">
        <test-method is-config="true" signature="login()[pri:0, instance:tests.Firstphase@3c41ed1d]" started-at="2021-11-26T10:20:06 GMT" name="login" finished-at="2021-11-26T10:27:03 GMT" duration-ms="417367" status="PASS">
          <reporter-output>
          </reporter-output>
        </test-method> <!-- login -->
        <test-method signature="Test27_DC0002()[pri:0, instance:tests.Firstphase@3c41ed1d]" started-at="2021-11-26T10:27:03 GMT" name="Test27_DC0002" finished-at="2021-11-26T10:30:40 GMT" duration-ms="216511" status="PASS">
          <reporter-output>
          </reporter-output>
        </test-method> <!-- Test27_DC0002 -->
        <test-method is-config="true" signature="logout(org.testng.ITestResult)[pri:0, instance:tests.Firstphase@3c41ed1d]" started-at="2021-11-26T10:30:40 GMT" name="logout" finished-at="2021-11-26T10:30:41 GMT" duration-ms="1748" status="PASS">
          <params>
            <param index="0">
              <value>
                <![CDATA[[TestResult name=Test27_DC0002 status=SUCCESS method=Firstphase.Test27_DC0002()[pri:0, instance:tests.Firstphase@3c41ed1d] output={null}]]]>
              </value>
            </param>
          </params>
          <reporter-output>
          </reporter-output>
        </test-method> <!-- logout -->
        <test-method is-config="true" signature="closeoff()[pri:0, instance:tests.Firstphase@3c41ed1d]" started-at="2021-11-26T10:30:41 GMT" name="closeoff" finished-at="2021-11-26T10:31:35 GMT" duration-ms="53315" status="FAIL">
          <exception class="org.openqa.selenium.NoSuchSessionException">
            <message>
              <![CDATA[Session ID is null. Using WebDriver after calling quit()?
Build info: version: '3.141.59', revision: 'e82be7d358', time: '2018-11-14T08:17:03'
System info: host: 'IRE-TEMP2-W10', ip: '10.6.72.11', os.name: 'Windows 10', os.arch: 'amd64', os.version: '10.0', java.version: '16.0.1'
Driver info: driver.version: RemoteWebDriver]]>
            </message>
            <full-stacktrace>
              <![CDATA[org.openqa.selenium.NoSuchSessionException: Session ID is null. Using WebDriver after calling quit()?
Build info: version: '3.141.59', revision: 'e82be7d358', time: '2018-11-14T08:17:03'
System info: host: 'IRE-TEMP2-W10', ip: '10.6.72.11', os.name: 'Windows 10', os.arch: 'amd64', os.version: '10.0', java.version: '16.0.1'
Driver info: driver.version: RemoteWebDriver
at org.openqa.selenium.remote.HttpCommandExecutor.execute(HttpCommandExecutor.java:125)
at org.openqa.selenium.remote.service.DriverCommandExecutor.execute(DriverCommandExecutor.java:83)
at org.openqa.selenium.remote.RemoteWebDriver.execute(RemoteWebDriver.java:552)
at org.openqa.selenium.remote.RemoteWebDriver.execute(RemoteWebDriver.java:609)
at org.openqa.selenium.remote.RemoteWebDriver.close(RemoteWebDriver.java:442)
at tests.TestBase.closeoff(TestBase.java:445)
at java.base/jdk.internal.reflect.NativeMethodAccessorImpl.invoke0(Native Method)
at java.base/jdk.internal.reflect.NativeMethodAccessorImpl.invoke(NativeMethodAccessorImpl.java:78)
at java.base/jdk.internal.reflect.DelegatingMethodAccessorImpl.invoke(DelegatingMethodAccessorImpl.java:43)
at java.base/java.lang.reflect.Method.invoke(Method.java:567)
at org.testng.internal.MethodInvocationHelper.invokeMethod(MethodInvocationHelper.java:133)
at org.testng.internal.MethodInvocationHelper.invokeMethodConsideringTimeout(MethodInvocationHelper.java:62)
at org.testng.internal.ConfigInvoker.invokeConfigurationMethod(ConfigInvoker.java:385)
at org.testng.internal.ConfigInvoker.invokeConfigurations(ConfigInvoker.java:321)
at org.testng.SuiteRunner.privateRun(SuiteRunner.java:344)
at org.testng.SuiteRunner.run(SuiteRunner.java:276)
at org.testng.SuiteRunnerWorker.runSuite(SuiteRunnerWorker.java:53)
at org.testng.SuiteRunnerWorker.run(SuiteRunnerWorker.java:96)
at org.testng.TestNG.runSuitesSequentially(TestNG.java:1212)
at org.testng.TestNG.runSuitesLocally(TestNG.java:1134)
at org.testng.TestNG.runSuites(TestNG.java:1063)
at org.testng.TestNG.run(TestNG.java:1031)
at org.testng.remote.AbstractRemoteTestNG.run(AbstractRemoteTestNG.java:115)
at org.testng.remote.RemoteTestNG.initAndRun(RemoteTestNG.java:251)
at org.testng.remote.RemoteTestNG.main(RemoteTestNG.java:77)
]]>
            </full-stacktrace>
          </exception> <!-- org.openqa.selenium.NoSuchSessionException -->
          <reporter-output>
          </reporter-output>
        </test-method> <!-- closeoff -->
      </class> <!-- tests.Firstphase -->
    </test> <!-- Default test -->
  </suite> <!-- Default suite -->
</testng-results>
