<?xml version="1.0" encoding="UTF-8"?>
<testng-results ignored="0" total="1" passed="1" failed="0" skipped="0">
  <reporter-output>
  </reporter-output>
  <suite started-at="2021-12-02T14:23:15 GMT" name="Default suite" finished-at="2021-12-02T14:23:29 GMT" duration-ms="13815">
    <groups>
    </groups>
    <test started-at="2021-12-02T14:23:15 GMT" name="Default test" finished-at="2021-12-02T14:23:29 GMT" duration-ms="13815">
      <class name="tests.Firstphase">
        <test-method is-config="true" signature="login()[pri:0, instance:tests.Firstphase@6025e1b6]" started-at="2021-12-02T14:23:02 GMT" name="login" finished-at="2021-12-02T14:23:15 GMT" duration-ms="13203" status="PASS">
          <reporter-output>
          </reporter-output>
        </test-method> <!-- login -->
        <test-method signature="Test15_AI0043()[pri:0, instance:tests.Firstphase@6025e1b6]" started-at="2021-12-02T14:23:15 GMT" name="Test15_AI0043" finished-at="2021-12-02T14:23:29 GMT" duration-ms="13764" status="PASS">
          <reporter-output>
          </reporter-output>
        </test-method> <!-- Test15_AI0043 -->
        <test-method is-config="true" signature="logout(org.testng.ITestResult)[pri:0, instance:tests.Firstphase@6025e1b6]" started-at="2021-12-02T14:23:29 GMT" name="logout" finished-at="2021-12-02T14:23:29 GMT" duration-ms="4" status="PASS">
          <params>
            <param index="0">
              <value>
                <![CDATA[[TestResult name=Test15_AI0043 status=SUCCESS method=Firstphase.Test15_AI0043()[pri:0, instance:tests.Firstphase@6025e1b6] output={null}]]]>
              </value>
            </param>
          </params>
          <reporter-output>
          </reporter-output>
        </test-method> <!-- logout -->
        <test-method is-config="true" signature="closeoff()[pri:0, instance:tests.Firstphase@6025e1b6]" started-at="2021-12-02T14:23:29 GMT" name="closeoff" finished-at="2021-12-02T14:23:39 GMT" duration-ms="9757" status="FAIL">
          <exception class="java.lang.NumberFormatException">
            <message>
              <![CDATA[For input string: "[[FirefoxDriver: firefox on WINDOWS (eca6ae30-3478-469f-8cb0-5aaaac039347)] -> xpath: (.//div[@id="conntable_info"]/b)[1]]"]]>
            </message>
            <full-stacktrace>
              <![CDATA[java.lang.NumberFormatException: For input string: "[[FirefoxDriver: firefox on WINDOWS (eca6ae30-3478-469f-8cb0-5aaaac039347)] -> xpath: (.//div[@id="conntable_info"]/b)[1]]"
at java.base/java.lang.NumberFormatException.forInputString(NumberFormatException.java:67)
at java.base/java.lang.Integer.parseInt(Integer.java:668)
at java.base/java.lang.Integer.parseInt(Integer.java:786)
at pages.ConnectionPage.TableContent(ConnectionPage.java:125)
at pages.ConnectionPage.DeleteConnection(ConnectionPage.java:193)
at tests.TestBase.closeoff(TestBase.java:455)
at java.base/jdk.internal.reflect.NativeMethodAccessorImpl.invoke0(Native Method)
at java.base/jdk.internal.reflect.NativeMethodAccessorImpl.invoke(NativeMethodAccessorImpl.java:77)
at java.base/jdk.internal.reflect.DelegatingMethodAccessorImpl.invoke(DelegatingMethodAccessorImpl.java:43)
at java.base/java.lang.reflect.Method.invoke(Method.java:568)
at org.testng.internal.MethodInvocationHelper.invokeMethod(MethodInvocationHelper.java:133)
at org.testng.internal.MethodInvocationHelper.invokeMethodConsideringTimeout(MethodInvocationHelper.java:62)
at org.testng.internal.ConfigInvoker.invokeConfigurationMethod(ConfigInvoker.java:385)
at org.testng.internal.ConfigInvoker.invokeConfigurations(ConfigInvoker.java:321)
at org.testng.SuiteRunner.privateRun(SuiteRunner.java:344)
at org.testng.SuiteRunner.run(SuiteRunner.java:276)
at org.testng.SuiteRunnerWorker.runSuite(SuiteRunnerWorker.java:53)
at org.testng.SuiteRunnerWorker.run(SuiteRunnerWorker.java:96)
at org.testng.TestNG.runSuitesSequentially(TestNG.java:1212)
at org.testng.TestNG.runSuitesLocally(TestNG.java:1134)
at org.testng.TestNG.runSuites(TestNG.java:1063)
at org.testng.TestNG.run(TestNG.java:1031)
at org.testng.remote.AbstractRemoteTestNG.run(AbstractRemoteTestNG.java:115)
at org.testng.remote.RemoteTestNG.initAndRun(RemoteTestNG.java:251)
at org.testng.remote.RemoteTestNG.main(RemoteTestNG.java:77)
]]>
            </full-stacktrace>
          </exception> <!-- java.lang.NumberFormatException -->
          <reporter-output>
          </reporter-output>
        </test-method> <!-- closeoff -->
      </class> <!-- tests.Firstphase -->
    </test> <!-- Default test -->
  </suite> <!-- Default suite -->
</testng-results>
